<?xml version="1.0" encoding="UTF-8"?>
<!-- Generated by org.testng.reporters.JUnitXMLReporter -->
<testsuite ignored="0" hostname="DESKTOP-RG3O8VV" failures="0" tests="4" name="Login" time="0.155" errors="0" timestamp="2023-12-14T14:16:38 IST">
  <testcase classname="com.framework.base.BaseTest" name="@BeforeSuite initialize" time="0.02">
    <failure type="java.lang.Error" message="Unresolved compilation problem: 
	Invalid escape sequence (valid ones are  \b  \t  \n  \f  \r  \&amp;quot;  \&amp;apos;  \\ )
">
      <![CDATA[java.lang.Error: Unresolved compilation problem: 
Invalid escape sequence (valid ones are  \b  \t  \n  \f  \r  \"  \'  \\ )

at com.framework.dataaccess.ExcelUtil.initializeExcel(ExcelUtil.java:24)
at com.framework.base.BaseTest.initialize(BaseTest.java:35)
... Removed 19 stack frames]]>
    </failure>
  </testcase> <!-- @BeforeSuite initialize -->
  <testcase classname="com.framework.base.BaseTest" name="@BeforeMethod launchBrowser" time="0.0">
    <skipped/>
  </testcase> <!-- @BeforeMethod launchBrowser -->
  <testcase classname="com.framework.base.BaseTest" name="@BeforeMethod launchApplication" time="0.0">
    <skipped/>
  </testcase> <!-- @BeforeMethod launchApplication -->
  <testcase classname="com.framework.base.BaseTest" name="@AfterMethod closeBrowser" time="0.0">
    <skipped/>
  </testcase> <!-- @AfterMethod closeBrowser -->
  <testcase classname="com.framework.base.BaseTest" name="@BeforeMethod launchBrowser" time="0.0">
    <skipped/>
  </testcase> <!-- @BeforeMethod launchBrowser -->
  <testcase classname="com.framework.base.BaseTest" name="@BeforeMethod launchApplication" time="0.0">
    <skipped/>
  </testcase> <!-- @BeforeMethod launchApplication -->
  <testcase classname="com.framework.base.BaseTest" name="@AfterMethod closeBrowser" time="0.0">
    <skipped/>
  </testcase> <!-- @AfterMethod closeBrowser -->
  <testcase classname="com.framework.base.BaseTest" name="@BeforeMethod launchBrowser" time="0.0">
    <skipped/>
  </testcase> <!-- @BeforeMethod launchBrowser -->
  <testcase classname="com.framework.base.BaseTest" name="@BeforeMethod launchApplication" time="0.0">
    <skipped/>
  </testcase> <!-- @BeforeMethod launchApplication -->
  <testcase classname="com.framework.base.BaseTest" name="@AfterMethod closeBrowser" time="0.0">
    <skipped/>
  </testcase> <!-- @AfterMethod closeBrowser -->
  <testcase classname="com.framework.base.BaseTest" name="@BeforeMethod launchBrowser" time="0.0">
    <skipped/>
  </testcase> <!-- @BeforeMethod launchBrowser -->
  <testcase classname="com.framework.base.BaseTest" name="@BeforeMethod launchApplication" time="0.0">
    <skipped/>
  </testcase> <!-- @BeforeMethod launchApplication -->
  <testcase classname="com.framework.base.BaseTest" name="@AfterMethod closeBrowser" time="0.0">
    <skipped/>
  </testcase> <!-- @AfterMethod closeBrowser -->
  <testcase classname="com.orangehrm.tests.LoginTest" name="verifyCopyRightText" time="0.0">
    <skipped/>
  </testcase> <!-- verifyCopyRightText -->
  <testcase classname="com.orangehrm.tests.LoginTest" name="verifyLoginWithInvalidCredentials" time="0.001">
    <skipped/>
  </testcase> <!-- verifyLoginWithInvalidCredentials -->
  <testcase classname="com.orangehrm.tests.LoginTest" name="verifyLoginWithValidCredentials" time="0.001">
    <skipped/>
  </testcase> <!-- verifyLoginWithValidCredentials -->
  <testcase classname="com.orangehrm.tests.LoginTest" name="verifyloginWithBlankPassword" time="0.0">
    <skipped/>
  </testcase> <!-- verifyloginWithBlankPassword -->
</testsuite> <!-- Login -->
